2025-05-18 20:20:22,860 - ERROR - Attempt 1 failed for NEWGEN.NS: Data must be 1-dimensional, got ndarray of shape (122, 1) instead
2025-05-18 20:20:24,117 - ERROR - Attempt 2 failed for NEWGEN.NS: Data must be 1-dimensional, got ndarray of shape (122, 1) instead
2025-05-18 20:20:25,249 - ERROR - Attempt 3 failed for NEWGEN.NS: Data must be 1-dimensional, got ndarray of shape (122, 1) instead
2025-05-18 20:20:25,249 - ERROR - Failed to process NEWGEN.NS after 3 attempts.
2025-05-18 20:20:25,249 - ERROR - Unhandled error processing NEWGEN.NS: Data must be 1-dimensional, got ndarray of shape (122, 1) instead
2025-05-18 20:20:26,493 - ERROR - Attempt 1 failed for MAPMYINDIA.NS: Data must be 1-dimensional, got ndarray of shape (122, 1) instead
2025-05-18 20:20:27,661 - ERROR - Attempt 2 failed for MAPMYINDIA.NS: Data must be 1-dimensional, got ndarray of shape (122, 1) instead
2025-05-18 20:20:28,915 - ERROR - Attempt 3 failed for MAPMYINDIA.NS: Data must be 1-dimensional, got ndarray of shape (122, 1) instead
2025-05-18 20:20:28,915 - ERROR - Failed to process MAPMYINDIA.NS after 3 attempts.
2025-05-18 20:20:28,915 - ERROR - Unhandled error processing MAPMYINDIA.NS: Data must be 1-dimensional, got ndarray of shape (122, 1) instead
2025-05-18 20:20:30,143 - ERROR - Attempt 1 failed for INTELLECT.NS: Data must be 1-dimensional, got ndarray of shape (122, 1) instead
2025-05-18 20:20:31,433 - ERROR - Attempt 2 failed for INTELLECT.NS: Data must be 1-dimensional, got ndarray of shape (122, 1) instead
2025-05-18 20:20:32,595 - ERROR - Attempt 3 failed for INTELLECT.NS: Data must be 1-dimensional, got ndarray of shape (122, 1) instead
2025-05-18 20:20:32,595 - ERROR - Failed to process INTELLECT.NS after 3 attempts.
2025-05-18 20:20:32,595 - ERROR - Unhandled error processing INTELLECT.NS: Data must be 1-dimensional, got ndarray of shape (122, 1) instead
2025-05-18 20:22:53,007 - ERROR - Attempt 1 failed for NEWGEN.NS: Data must be 1-dimensional, got ndarray of shape (122, 1) instead
2025-05-18 20:22:54,258 - ERROR - Attempt 2 failed for NEWGEN.NS: Data must be 1-dimensional, got ndarray of shape (122, 1) instead
2025-05-18 20:22:55,532 - ERROR - Attempt 3 failed for NEWGEN.NS: Data must be 1-dimensional, got ndarray of shape (122, 1) instead
2025-05-18 20:22:55,532 - ERROR - Failed to process NEWGEN.NS after 3 attempts.
2025-05-18 20:22:55,532 - ERROR - Unhandled error processing NEWGEN.NS: Data must be 1-dimensional, got ndarray of shape (122, 1) instead
2025-05-18 20:22:56,834 - ERROR - Attempt 1 failed for MAPMYINDIA.NS: Data must be 1-dimensional, got ndarray of shape (122, 1) instead
2025-05-18 20:22:58,683 - ERROR - Attempt 2 failed for MAPMYINDIA.NS: Data must be 1-dimensional, got ndarray of shape (122, 1) instead
2025-05-18 20:22:59,925 - ERROR - Attempt 3 failed for MAPMYINDIA.NS: Data must be 1-dimensional, got ndarray of shape (122, 1) instead
2025-05-18 20:22:59,925 - ERROR - Failed to process MAPMYINDIA.NS after 3 attempts.
2025-05-18 20:22:59,925 - ERROR - Unhandled error processing MAPMYINDIA.NS: Data must be 1-dimensional, got ndarray of shape (122, 1) instead
2025-05-18 20:23:01,254 - ERROR - Attempt 1 failed for INTELLECT.NS: Data must be 1-dimensional, got ndarray of shape (122, 1) instead
2025-05-18 20:23:02,574 - ERROR - Attempt 2 failed for INTELLECT.NS: Data must be 1-dimensional, got ndarray of shape (122, 1) instead
2025-05-18 20:23:03,824 - ERROR - Attempt 3 failed for INTELLECT.NS: Data must be 1-dimensional, got ndarray of shape (122, 1) instead
2025-05-18 20:23:03,825 - ERROR - Failed to process INTELLECT.NS after 3 attempts.
2025-05-18 20:23:03,825 - ERROR - Unhandled error processing INTELLECT.NS: Data must be 1-dimensional, got ndarray of shape (122, 1) instead
2025-05-18 20:23:05,112 - ERROR - Attempt 1 failed for INSPIRISYS.NS: Data must be 1-dimensional, got ndarray of shape (122, 1) instead
2025-05-18 20:23:06,566 - ERROR - Attempt 2 failed for INSPIRISYS.NS: Data must be 1-dimensional, got ndarray of shape (122, 1) instead
2025-05-18 20:23:07,857 - ERROR - Attempt 3 failed for INSPIRISYS.NS: Data must be 1-dimensional, got ndarray of shape (122, 1) instead
2025-05-18 20:23:07,857 - ERROR - Failed to process INSPIRISYS.NS after 3 attempts.
2025-05-18 20:23:07,858 - ERROR - Unhandled error processing INSPIRISYS.NS: Data must be 1-dimensional, got ndarray of shape (122, 1) instead
